2017.05.03 09:14:06 INFO  ce[][o.s.p.ProcessEntryPoint] Starting ce
2017.05.03 09:14:06 INFO  ce[][o.s.ce.app.CeServer] Compute Engine starting up...
2017.05.03 09:14:07 INFO  ce[][o.e.plugins] [Karthon the Quester] modules [], plugins [], sites []
2017.05.03 09:14:08 INFO  ce[][o.s.s.e.EsClientProvider] Connected to local Elasticsearch: [127.0.0.1:9001]
2017.05.03 09:14:08 INFO  ce[][o.sonar.db.Database] Create JDBC data source for jdbc:h2:tcp://localhost:9092/sonar
2017.05.03 09:14:08 WARN  ce[][o.s.d.DatabaseChecker] H2 database should be used for evaluation purpose only
2017.05.03 09:14:09 INFO  ce[][o.s.s.p.ServerFileSystemImpl] SonarQube home: C:\Users\dcmeade\Desktop\Intelij Workspace\Health-Tracker\SonarQube\sonarqube-6.3.1
2017.05.03 09:14:09 INFO  ce[][o.s.c.c.CePluginRepository] Load plugins
2017.05.03 09:14:11 INFO  ce[][o.s.s.c.q.PurgeCeActivities] Delete the Compute Engine tasks created before Fri Nov 04 09:14:11 EDT 2016
2017.05.03 09:14:11 INFO  ce[][o.s.ce.app.CeServer] Compute Engine is up
2017.05.03 09:15:49 INFO  ce[AVvOc87-5sasN0KZUcf1][o.s.s.c.t.CeWorkerCallableImpl] Execute task | project=health-tracker | type=REPORT | id=AVvOc87-5sasN0KZUcf1
2017.05.03 09:15:56 ERROR ce[AVvOc87-5sasN0KZUcf1][c.h.s.m.SonargraphMeasureComputer] Not processing for module: health-tracker
2017.05.03 09:15:56 ERROR ce[AVvOc87-5sasN0KZUcf1][c.h.s.m.SonargraphMeasureComputer] Not processing for module: health-tracker
2017.05.03 09:15:56 ERROR ce[AVvOc87-5sasN0KZUcf1][c.h.s.m.SonargraphMeasureComputer] Not processing for module: health-tracker
2017.05.03 09:15:56 ERROR ce[AVvOc87-5sasN0KZUcf1][c.h.s.m.SonargraphMeasureComputer] Not processing for module: health-tracker
2017.05.03 09:16:00 INFO  ce[AVvOc87-5sasN0KZUcf1][o.s.s.c.t.CeWorkerCallableImpl] Executed task | project=health-tracker | type=REPORT | id=AVvOc87-5sasN0KZUcf1 | time=10871ms
2017.05.03 09:31:35 INFO  ce[AVvOgkEs5sasN0KZUcf2][o.s.s.c.t.CeWorkerCallableImpl] Execute task | project=health-tracker | type=REPORT | id=AVvOgkEs5sasN0KZUcf2
2017.05.03 09:31:36 ERROR ce[AVvOgkEs5sasN0KZUcf2][c.h.s.m.SonargraphMeasureComputer] Not processing for module: health-tracker
2017.05.03 09:31:36 ERROR ce[AVvOgkEs5sasN0KZUcf2][c.h.s.m.SonargraphMeasureComputer] Not processing for module: health-tracker
2017.05.03 09:31:36 ERROR ce[AVvOgkEs5sasN0KZUcf2][c.h.s.m.SonargraphMeasureComputer] Not processing for module: health-tracker
2017.05.03 09:31:36 ERROR ce[AVvOgkEs5sasN0KZUcf2][c.h.s.m.SonargraphMeasureComputer] Not processing for module: health-tracker
2017.05.03 09:31:38 INFO  ce[AVvOgkEs5sasN0KZUcf2][o.s.s.c.t.CeWorkerCallableImpl] Executed task | project=health-tracker | type=REPORT | id=AVvOgkEs5sasN0KZUcf2 | time=3066ms
2017.05.03 09:37:42 INFO  ce[AVvOh9mT5sasN0KZUcf3][o.s.s.c.t.CeWorkerCallableImpl] Execute task | project=health-tracker | type=REPORT | id=AVvOh9mT5sasN0KZUcf3
2017.05.03 09:37:43 ERROR ce[AVvOh9mT5sasN0KZUcf3][c.h.s.m.SonargraphMeasureComputer] Not processing for module: health-tracker
2017.05.03 09:37:43 ERROR ce[AVvOh9mT5sasN0KZUcf3][c.h.s.m.SonargraphMeasureComputer] Not processing for module: health-tracker
2017.05.03 09:37:43 ERROR ce[AVvOh9mT5sasN0KZUcf3][c.h.s.m.SonargraphMeasureComputer] Not processing for module: health-tracker
2017.05.03 09:37:43 ERROR ce[AVvOh9mT5sasN0KZUcf3][c.h.s.m.SonargraphMeasureComputer] Not processing for module: health-tracker
2017.05.03 09:37:44 INFO  ce[AVvOh9mT5sasN0KZUcf3][o.s.s.c.t.CeWorkerCallableImpl] Executed task | project=health-tracker | type=REPORT | id=AVvOh9mT5sasN0KZUcf3 | time=2251ms
2017.05.03 09:40:08 INFO  ce[AVvOihk25sasN0KZUcnE][o.s.s.c.t.CeWorkerCallableImpl] Execute task | project=health-tracker | type=REPORT | id=AVvOihk25sasN0KZUcnE
2017.05.03 09:40:10 ERROR ce[AVvOihk25sasN0KZUcnE][c.h.s.m.SonargraphMeasureComputer] Not processing for module: health-tracker
2017.05.03 09:40:10 ERROR ce[AVvOihk25sasN0KZUcnE][c.h.s.m.SonargraphMeasureComputer] Not processing for module: health-tracker
2017.05.03 09:40:10 ERROR ce[AVvOihk25sasN0KZUcnE][c.h.s.m.SonargraphMeasureComputer] Not processing for module: health-tracker
2017.05.03 09:40:10 ERROR ce[AVvOihk25sasN0KZUcnE][c.h.s.m.SonargraphMeasureComputer] Not processing for module: health-tracker
2017.05.03 09:40:14 INFO  ce[AVvOihk25sasN0KZUcnE][o.s.s.c.t.CeWorkerCallableImpl] Executed task | project=health-tracker | type=REPORT | id=AVvOihk25sasN0KZUcnE | time=5908ms
2017.05.03 09:42:13 INFO  ce[AVvOi_9T5sasN0KZUcp7][o.s.s.c.t.CeWorkerCallableImpl] Execute task | project=health-tracker | type=REPORT | id=AVvOi_9T5sasN0KZUcp7
2017.05.03 09:42:14 ERROR ce[AVvOi_9T5sasN0KZUcp7][c.h.s.m.SonargraphMeasureComputer] Not processing for module: health-tracker
2017.05.03 09:42:14 ERROR ce[AVvOi_9T5sasN0KZUcp7][c.h.s.m.SonargraphMeasureComputer] Not processing for module: health-tracker
2017.05.03 09:42:14 ERROR ce[AVvOi_9T5sasN0KZUcp7][c.h.s.m.SonargraphMeasureComputer] Not processing for module: health-tracker
2017.05.03 09:42:14 ERROR ce[AVvOi_9T5sasN0KZUcp7][c.h.s.m.SonargraphMeasureComputer] Not processing for module: health-tracker
2017.05.03 09:42:17 INFO  ce[AVvOi_9T5sasN0KZUcp7][o.s.s.c.t.CeWorkerCallableImpl] Executed task | project=health-tracker | type=REPORT | id=AVvOi_9T5sasN0KZUcp7 | time=4314ms
2017.05.03 09:42:58 INFO  ce[][o.s.p.StopWatcher] Stopping process
2017.05.03 09:42:58 INFO  ce[][o.s.ce.app.CeServer] Compute Engine shutting down...
2017.05.03 09:43:27 INFO  ce[][o.s.p.ProcessEntryPoint] Starting ce
2017.05.03 09:43:27 INFO  ce[][o.s.ce.app.CeServer] Compute Engine starting up...
2017.05.03 09:43:28 INFO  ce[][o.e.plugins] [Tuc] modules [], plugins [], sites []
2017.05.03 09:43:29 INFO  ce[][o.s.s.e.EsClientProvider] Connected to local Elasticsearch: [127.0.0.1:9001]
2017.05.03 09:43:29 INFO  ce[][o.sonar.db.Database] Create JDBC data source for jdbc:h2:tcp://localhost:9092/sonar
2017.05.03 09:43:29 WARN  ce[][o.s.d.DatabaseChecker] H2 database should be used for evaluation purpose only
2017.05.03 09:43:30 INFO  ce[][o.s.s.p.ServerFileSystemImpl] SonarQube home: C:\Users\dcmeade\Desktop\Intelij Workspace\Health-Tracker\SonarQube\sonarqube-6.3.1
2017.05.03 09:43:30 INFO  ce[][o.s.c.c.CePluginRepository] Load plugins
2017.05.03 09:43:32 INFO  ce[][o.s.s.c.q.PurgeCeActivities] Delete the Compute Engine tasks created before Fri Nov 04 09:43:32 EDT 2016
2017.05.03 09:43:32 INFO  ce[][o.s.ce.app.CeServer] Compute Engine is up
2017.05.03 09:43:48 INFO  ce[AVvOjXNySmfsxARo568N][o.s.s.c.t.CeWorkerCallableImpl] Execute task | project=health-tracker | type=REPORT | id=AVvOjXNySmfsxARo568N
2017.05.03 09:43:52 ERROR ce[AVvOjXNySmfsxARo568N][c.h.s.m.SonargraphMeasureComputer] Not processing for module: health-tracker
2017.05.03 09:43:52 ERROR ce[AVvOjXNySmfsxARo568N][c.h.s.m.SonargraphMeasureComputer] Not processing for module: health-tracker
2017.05.03 09:43:52 ERROR ce[AVvOjXNySmfsxARo568N][c.h.s.m.SonargraphMeasureComputer] Not processing for module: health-tracker
2017.05.03 09:43:52 ERROR ce[AVvOjXNySmfsxARo568N][c.h.s.m.SonargraphMeasureComputer] Not processing for module: health-tracker
2017.05.03 09:43:58 INFO  ce[AVvOjXNySmfsxARo568N][o.s.s.c.t.CeWorkerCallableImpl] Executed task | project=health-tracker | type=REPORT | id=AVvOjXNySmfsxARo568N | time=9573ms
2017.05.03 13:02:41 INFO  ce[][o.s.p.StopWatcher] Stopping process
2017.05.03 13:02:41 INFO  ce[][o.s.ce.app.CeServer] Compute Engine shutting down...
2017.05.03 13:03:08 INFO  ce[][o.s.p.ProcessEntryPoint] Starting ce
2017.05.03 13:03:08 INFO  ce[][o.s.ce.app.CeServer] Compute Engine starting up...
2017.05.03 13:03:09 INFO  ce[][o.e.plugins] [Triton] modules [], plugins [], sites []
2017.05.03 13:03:09 INFO  ce[][o.s.s.e.EsClientProvider] Connected to local Elasticsearch: [127.0.0.1:9001]
2017.05.03 13:03:09 INFO  ce[][o.sonar.db.Database] Create JDBC data source for jdbc:h2:tcp://localhost:9092/sonar
2017.05.03 13:03:09 WARN  ce[][o.s.d.DatabaseChecker] H2 database should be used for evaluation purpose only
2017.05.03 13:03:10 INFO  ce[][o.s.s.p.ServerFileSystemImpl] SonarQube home: C:\Users\dcmeade\Desktop\Intelij Workspace\Health-Tracker\SonarQube\sonarqube-6.3.1
2017.05.03 13:03:10 INFO  ce[][o.s.c.c.CePluginRepository] Load plugins
2017.05.03 13:03:11 INFO  ce[][o.s.s.c.q.PurgeCeActivities] Delete the Compute Engine tasks created before Fri Nov 04 13:03:11 EDT 2016
2017.05.03 13:03:11 INFO  ce[][o.s.ce.app.CeServer] Compute Engine is up
2017.05.03 13:05:52 INFO  ce[][o.s.p.StopWatcher] Stopping process
2017.05.03 13:05:52 INFO  ce[][o.s.ce.app.CeServer] Compute Engine shutting down...
2017.05.03 13:06:18 INFO  ce[][o.s.p.ProcessEntryPoint] Starting ce
2017.05.03 13:06:18 INFO  ce[][o.s.ce.app.CeServer] Compute Engine starting up...
2017.05.03 13:06:19 INFO  ce[][o.e.plugins] [Stilt-Man] modules [], plugins [], sites []
2017.05.03 13:06:20 INFO  ce[][o.s.s.e.EsClientProvider] Connected to local Elasticsearch: [127.0.0.1:9001]
2017.05.03 13:06:20 INFO  ce[][o.sonar.db.Database] Create JDBC data source for jdbc:h2:tcp://localhost:9092/sonar
2017.05.03 13:06:20 WARN  ce[][o.s.d.DatabaseChecker] H2 database should be used for evaluation purpose only
2017.05.03 13:06:20 INFO  ce[][o.s.s.p.ServerFileSystemImpl] SonarQube home: C:\Users\dcmeade\Desktop\Intelij Workspace\Health-Tracker\SonarQube\sonarqube-6.3.1
2017.05.03 13:06:20 INFO  ce[][o.s.c.c.CePluginRepository] Load plugins
2017.05.03 13:06:22 INFO  ce[][o.s.s.c.q.PurgeCeActivities] Delete the Compute Engine tasks created before Fri Nov 04 13:06:22 EDT 2016
2017.05.03 13:06:22 INFO  ce[][o.s.ce.app.CeServer] Compute Engine is up
